2020-01-13 === [main] === INFO  === com.atguigu.springboot.SpringBoot03LoggingApplicationTests ==== Starting SpringBoot03LoggingApplicationTests on SC-201912011747 with PID 13180 (started by Administrator in G:\Spring\资料\雷丰阳--springboot教程配套资料\核心技术篇---代码\代码\spring-boot-03-logging)
2020-01-13 === [main] === DEBUG === com.atguigu.springboot.SpringBoot03LoggingApplicationTests ==== Running with Spring Boot v1.5.10.RELEASE, Spring v4.3.14.RELEASE
2020-01-13 === [main] === INFO  === com.atguigu.springboot.SpringBoot03LoggingApplicationTests ==== No active profile set, falling back to default profiles: default
2020-01-13 === [main] === INFO  === org.springframework.web.context.support.GenericWebApplicationContext ==== Refreshing org.springframework.web.context.support.GenericWebApplicationContext@66982506: startup date [Mon Jan 13 18:07:05 CST 2020]; root of context hierarchy
2020-01-13 === [main] === INFO  === org.springframework.web.servlet.mvc.method.annotation.RequestMappingHandlerAdapter ==== Looking for @ControllerAdvice: org.springframework.web.context.support.GenericWebApplicationContext@66982506: startup date [Mon Jan 13 18:07:05 CST 2020]; root of context hierarchy
2020-01-13 === [main] === INFO  === org.springframework.web.servlet.mvc.method.annotation.RequestMappingHandlerMapping ==== Mapped "{[/error]}" onto public org.springframework.http.ResponseEntity<java.util.Map<java.lang.String, java.lang.Object>> org.springframework.boot.autoconfigure.web.BasicErrorController.error(javax.servlet.http.HttpServletRequest)
2020-01-13 === [main] === INFO  === org.springframework.web.servlet.mvc.method.annotation.RequestMappingHandlerMapping ==== Mapped "{[/error],produces=[text/html]}" onto public org.springframework.web.servlet.ModelAndView org.springframework.boot.autoconfigure.web.BasicErrorController.errorHtml(javax.servlet.http.HttpServletRequest,javax.servlet.http.HttpServletResponse)
2020-01-13 === [main] === INFO  === org.springframework.web.servlet.handler.SimpleUrlHandlerMapping ==== Mapped URL path [/webjars/**] onto handler of type [class org.springframework.web.servlet.resource.ResourceHttpRequestHandler]
2020-01-13 === [main] === INFO  === org.springframework.web.servlet.handler.SimpleUrlHandlerMapping ==== Mapped URL path [/**] onto handler of type [class org.springframework.web.servlet.resource.ResourceHttpRequestHandler]
2020-01-13 === [main] === INFO  === org.springframework.web.servlet.handler.SimpleUrlHandlerMapping ==== Mapped URL path [/**/favicon.ico] onto handler of type [class org.springframework.web.servlet.resource.ResourceHttpRequestHandler]
2020-01-13 === [main] === INFO  === com.atguigu.springboot.SpringBoot03LoggingApplicationTests ==== Started SpringBoot03LoggingApplicationTests in 7.813 seconds (JVM running for 9.089)
2020-01-13 === [main] === TRACE === com.atguigu.springboot.SpringBoot03LoggingApplicationTests ==== 这是trace日志...
2020-01-13 === [main] === DEBUG === com.atguigu.springboot.SpringBoot03LoggingApplicationTests ==== 这是debug日志...
2020-01-13 === [main] === INFO  === com.atguigu.springboot.SpringBoot03LoggingApplicationTests ==== 这是info日志...
2020-01-13 === [main] === WARN  === com.atguigu.springboot.SpringBoot03LoggingApplicationTests ==== 这是warn日志...
2020-01-13 === [main] === ERROR === com.atguigu.springboot.SpringBoot03LoggingApplicationTests ==== 这是error日志...
2020-01-13 === [Thread-2] === INFO  === org.springframework.web.context.support.GenericWebApplicationContext ==== Closing org.springframework.web.context.support.GenericWebApplicationContext@66982506: startup date [Mon Jan 13 18:07:05 CST 2020]; root of context hierarchy
2020-01-13 18:10:29.059  INFO 11140 --- [main] .a.s.SpringBoot03LoggingApplicationTests : Starting SpringBoot03LoggingApplicationTests on SC-201912011747 with PID 11140 (started by Administrator in G:\Spring\资料\雷丰阳--springboot教程配套资料\核心技术篇---代码\代码\spring-boot-03-logging)
2020-01-13 18:10:29.069 DEBUG 11140 --- [main] .a.s.SpringBoot03LoggingApplicationTests : Running with Spring Boot v1.5.10.RELEASE, Spring v4.3.14.RELEASE
2020-01-13 18:10:29.069  INFO 11140 --- [main] .a.s.SpringBoot03LoggingApplicationTests : No active profile set, falling back to default profiles: default
2020-01-13 18:10:29.110  INFO 11140 --- [main] o.s.w.c.s.GenericWebApplicationContext   : Refreshing org.springframework.web.context.support.GenericWebApplicationContext@6c4906d3: startup date [Mon Jan 13 18:10:29 CST 2020]; root of context hierarchy
2020-01-13 18:10:30.467  INFO 11140 --- [main] s.w.s.m.m.a.RequestMappingHandlerAdapter : Looking for @ControllerAdvice: org.springframework.web.context.support.GenericWebApplicationContext@6c4906d3: startup date [Mon Jan 13 18:10:29 CST 2020]; root of context hierarchy
2020-01-13 18:10:30.531  INFO 11140 --- [main] s.w.s.m.m.a.RequestMappingHandlerMapping : Mapped "{[/error]}" onto public org.springframework.http.ResponseEntity<java.util.Map<java.lang.String, java.lang.Object>> org.springframework.boot.autoconfigure.web.BasicErrorController.error(javax.servlet.http.HttpServletRequest)
2020-01-13 18:10:30.532  INFO 11140 --- [main] s.w.s.m.m.a.RequestMappingHandlerMapping : Mapped "{[/error],produces=[text/html]}" onto public org.springframework.web.servlet.ModelAndView org.springframework.boot.autoconfigure.web.BasicErrorController.errorHtml(javax.servlet.http.HttpServletRequest,javax.servlet.http.HttpServletResponse)
2020-01-13 18:10:30.559  INFO 11140 --- [main] o.s.w.s.h.SimpleUrlHandlerMapping        : Mapped URL path [/webjars/**] onto handler of type [class org.springframework.web.servlet.resource.ResourceHttpRequestHandler]
2020-01-13 18:10:30.559  INFO 11140 --- [main] o.s.w.s.h.SimpleUrlHandlerMapping        : Mapped URL path [/**] onto handler of type [class org.springframework.web.servlet.resource.ResourceHttpRequestHandler]
2020-01-13 18:10:30.600  INFO 11140 --- [main] o.s.w.s.h.SimpleUrlHandlerMapping        : Mapped URL path [/**/favicon.ico] onto handler of type [class org.springframework.web.servlet.resource.ResourceHttpRequestHandler]
2020-01-13 18:10:30.756  INFO 11140 --- [main] .a.s.SpringBoot03LoggingApplicationTests : Started SpringBoot03LoggingApplicationTests in 2.147 seconds (JVM running for 3.163)
2020-01-13 18:10:30.816 TRACE 11140 --- [main] .a.s.SpringBoot03LoggingApplicationTests : 这是trace日志...
2020-01-13 18:10:30.817 DEBUG 11140 --- [main] .a.s.SpringBoot03LoggingApplicationTests : 这是debug日志...
2020-01-13 18:10:30.818  INFO 11140 --- [main] .a.s.SpringBoot03LoggingApplicationTests : 这是info日志...
2020-01-13 18:10:30.818  WARN 11140 --- [main] .a.s.SpringBoot03LoggingApplicationTests : 这是warn日志...
2020-01-13 18:10:30.818 ERROR 11140 --- [main] .a.s.SpringBoot03LoggingApplicationTests : 这是error日志...
2020-01-13 18:10:30.823  INFO 11140 --- [Thread-2] o.s.w.c.s.GenericWebApplicationContext   : Closing org.springframework.web.context.support.GenericWebApplicationContext@6c4906d3: startup date [Mon Jan 13 18:10:29 CST 2020]; root of context hierarchy
2020-01-13 === [main] === INFO  === com.atguigu.springboot.SpringBoot03LoggingApplicationTests ==== Starting SpringBoot03LoggingApplicationTests on SC-201912011747 with PID 12504 (started by Administrator in G:\Spring\资料\雷丰阳--springboot教程配套资料\核心技术篇---代码\代码\spring-boot-03-logging)
2020-01-13 === [main] === DEBUG === com.atguigu.springboot.SpringBoot03LoggingApplicationTests ==== Running with Spring Boot v1.5.10.RELEASE, Spring v4.3.14.RELEASE
2020-01-13 === [main] === INFO  === com.atguigu.springboot.SpringBoot03LoggingApplicationTests ==== No active profile set, falling back to default profiles: default
2020-01-13 === [main] === INFO  === org.springframework.web.context.support.GenericWebApplicationContext ==== Refreshing org.springframework.web.context.support.GenericWebApplicationContext@6bab2585: startup date [Mon Jan 13 18:13:25 CST 2020]; root of context hierarchy
2020-01-13 === [main] === INFO  === org.springframework.web.servlet.mvc.method.annotation.RequestMappingHandlerAdapter ==== Looking for @ControllerAdvice: org.springframework.web.context.support.GenericWebApplicationContext@6bab2585: startup date [Mon Jan 13 18:13:25 CST 2020]; root of context hierarchy
2020-01-13 === [main] === INFO  === org.springframework.web.servlet.mvc.method.annotation.RequestMappingHandlerMapping ==== Mapped "{[/error]}" onto public org.springframework.http.ResponseEntity<java.util.Map<java.lang.String, java.lang.Object>> org.springframework.boot.autoconfigure.web.BasicErrorController.error(javax.servlet.http.HttpServletRequest)
2020-01-13 === [main] === INFO  === org.springframework.web.servlet.mvc.method.annotation.RequestMappingHandlerMapping ==== Mapped "{[/error],produces=[text/html]}" onto public org.springframework.web.servlet.ModelAndView org.springframework.boot.autoconfigure.web.BasicErrorController.errorHtml(javax.servlet.http.HttpServletRequest,javax.servlet.http.HttpServletResponse)
2020-01-13 === [main] === INFO  === org.springframework.web.servlet.handler.SimpleUrlHandlerMapping ==== Mapped URL path [/webjars/**] onto handler of type [class org.springframework.web.servlet.resource.ResourceHttpRequestHandler]
2020-01-13 === [main] === INFO  === org.springframework.web.servlet.handler.SimpleUrlHandlerMapping ==== Mapped URL path [/**] onto handler of type [class org.springframework.web.servlet.resource.ResourceHttpRequestHandler]
2020-01-13 === [main] === INFO  === org.springframework.web.servlet.handler.SimpleUrlHandlerMapping ==== Mapped URL path [/**/favicon.ico] onto handler of type [class org.springframework.web.servlet.resource.ResourceHttpRequestHandler]
2020-01-13 === [main] === INFO  === com.atguigu.springboot.SpringBoot03LoggingApplicationTests ==== Started SpringBoot03LoggingApplicationTests in 2.441 seconds (JVM running for 3.804)
2020-01-13 === [main] === TRACE === com.atguigu.springboot.SpringBoot03LoggingApplicationTests ==== 这是trace日志...
2020-01-13 === [main] === DEBUG === com.atguigu.springboot.SpringBoot03LoggingApplicationTests ==== 这是debug日志...
2020-01-13 === [main] === INFO  === com.atguigu.springboot.SpringBoot03LoggingApplicationTests ==== 这是info日志...
2020-01-13 === [main] === WARN  === com.atguigu.springboot.SpringBoot03LoggingApplicationTests ==== 这是warn日志...
2020-01-13 === [main] === ERROR === com.atguigu.springboot.SpringBoot03LoggingApplicationTests ==== 这是error日志...
2020-01-13 === [Thread-2] === INFO  === org.springframework.web.context.support.GenericWebApplicationContext ==== Closing org.springframework.web.context.support.GenericWebApplicationContext@6bab2585: startup date [Mon Jan 13 18:13:25 CST 2020]; root of context hierarchy
2020-01-13 === [main] === INFO  === com.atguigu.springboot.SpringBoot03LoggingApplicationTests ==== Starting SpringBoot03LoggingApplicationTests on SC-201912011747 with PID 1856 (started by Administrator in G:\Spring\资料\雷丰阳--springboot教程配套资料\核心技术篇---代码\代码\spring-boot-03-logging)
2020-01-13 === [main] === DEBUG === com.atguigu.springboot.SpringBoot03LoggingApplicationTests ==== Running with Spring Boot v1.5.10.RELEASE, Spring v4.3.14.RELEASE
2020-01-13 === [main] === INFO  === com.atguigu.springboot.SpringBoot03LoggingApplicationTests ==== No active profile set, falling back to default profiles: default
2020-01-13 === [main] === INFO  === org.springframework.web.context.support.GenericWebApplicationContext ==== Refreshing org.springframework.web.context.support.GenericWebApplicationContext@66982506: startup date [Mon Jan 13 18:24:22 CST 2020]; root of context hierarchy
2020-01-13 === [main] === INFO  === org.springframework.web.servlet.mvc.method.annotation.RequestMappingHandlerAdapter ==== Looking for @ControllerAdvice: org.springframework.web.context.support.GenericWebApplicationContext@66982506: startup date [Mon Jan 13 18:24:22 CST 2020]; root of context hierarchy
2020-01-13 === [main] === INFO  === org.springframework.web.servlet.mvc.method.annotation.RequestMappingHandlerMapping ==== Mapped "{[/error]}" onto public org.springframework.http.ResponseEntity<java.util.Map<java.lang.String, java.lang.Object>> org.springframework.boot.autoconfigure.web.BasicErrorController.error(javax.servlet.http.HttpServletRequest)
2020-01-13 === [main] === INFO  === org.springframework.web.servlet.mvc.method.annotation.RequestMappingHandlerMapping ==== Mapped "{[/error],produces=[text/html]}" onto public org.springframework.web.servlet.ModelAndView org.springframework.boot.autoconfigure.web.BasicErrorController.errorHtml(javax.servlet.http.HttpServletRequest,javax.servlet.http.HttpServletResponse)
2020-01-13 === [main] === INFO  === org.springframework.web.servlet.handler.SimpleUrlHandlerMapping ==== Mapped URL path [/webjars/**] onto handler of type [class org.springframework.web.servlet.resource.ResourceHttpRequestHandler]
2020-01-13 === [main] === INFO  === org.springframework.web.servlet.handler.SimpleUrlHandlerMapping ==== Mapped URL path [/**] onto handler of type [class org.springframework.web.servlet.resource.ResourceHttpRequestHandler]
2020-01-13 === [main] === INFO  === org.springframework.web.servlet.handler.SimpleUrlHandlerMapping ==== Mapped URL path [/**/favicon.ico] onto handler of type [class org.springframework.web.servlet.resource.ResourceHttpRequestHandler]
2020-01-13 === [main] === INFO  === com.atguigu.springboot.SpringBoot03LoggingApplicationTests ==== Started SpringBoot03LoggingApplicationTests in 2.124 seconds (JVM running for 3.098)
2020-01-13 === [main] === TRACE === com.atguigu.springboot.SpringBoot03LoggingApplicationTests ==== 这是trace日志...
2020-01-13 === [main] === DEBUG === com.atguigu.springboot.SpringBoot03LoggingApplicationTests ==== 这是debug日志...
2020-01-13 === [main] === INFO  === com.atguigu.springboot.SpringBoot03LoggingApplicationTests ==== 这是info日志...
2020-01-13 === [main] === WARN  === com.atguigu.springboot.SpringBoot03LoggingApplicationTests ==== 这是warn日志...
2020-01-13 === [main] === ERROR === com.atguigu.springboot.SpringBoot03LoggingApplicationTests ==== 这是error日志...
2020-01-13 === [Thread-2] === INFO  === org.springframework.web.context.support.GenericWebApplicationContext ==== Closing org.springframework.web.context.support.GenericWebApplicationContext@66982506: startup date [Mon Jan 13 18:24:22 CST 2020]; root of context hierarchy
2020-01-13 === [main] === INFO  === com.atguigu.springboot.SpringBoot03LoggingApplication ==== Starting SpringBoot03LoggingApplication on SC-201912011747 with PID 12336 (started by Administrator in G:\Spring\资料\雷丰阳--springboot教程配套资料\核心技术篇---代码\代码\spring-boot-03-logging)
2020-01-13 === [main] === DEBUG === com.atguigu.springboot.SpringBoot03LoggingApplication ==== Running with Spring Boot v1.5.10.RELEASE, Spring v4.3.14.RELEASE
2020-01-13 === [main] === INFO  === com.atguigu.springboot.SpringBoot03LoggingApplication ==== No active profile set, falling back to default profiles: default
2020-01-13 === [main] === INFO  === org.springframework.boot.context.embedded.AnnotationConfigEmbeddedWebApplicationContext ==== Refreshing org.springframework.boot.context.embedded.AnnotationConfigEmbeddedWebApplicationContext@408d971b: startup date [Mon Jan 13 18:26:58 CST 2020]; root of context hierarchy
2020-01-13 === [main] === INFO  === org.springframework.boot.context.embedded.tomcat.TomcatEmbeddedServletContainer ==== Tomcat initialized with port(s): 8080 (http)
2020-01-13 === [main] === INFO  === org.apache.catalina.core.StandardService ==== Starting service [Tomcat]
2020-01-13 === [main] === INFO  === org.apache.catalina.core.StandardEngine ==== Starting Servlet Engine: Apache Tomcat/8.5.27
2020-01-13 === [localhost-startStop-1] === INFO  === org.apache.catalina.core.ContainerBase.[Tomcat].[localhost].[/] ==== Initializing Spring embedded WebApplicationContext
2020-01-13 === [localhost-startStop-1] === INFO  === org.springframework.web.context.ContextLoader ==== Root WebApplicationContext: initialization completed in 1044 ms
2020-01-13 === [localhost-startStop-1] === INFO  === org.springframework.boot.web.servlet.ServletRegistrationBean ==== Mapping servlet: 'dispatcherServlet' to [/]
2020-01-13 === [localhost-startStop-1] === INFO  === org.springframework.boot.web.servlet.FilterRegistrationBean ==== Mapping filter: 'characterEncodingFilter' to: [/*]
2020-01-13 === [localhost-startStop-1] === INFO  === org.springframework.boot.web.servlet.FilterRegistrationBean ==== Mapping filter: 'hiddenHttpMethodFilter' to: [/*]
2020-01-13 === [localhost-startStop-1] === INFO  === org.springframework.boot.web.servlet.FilterRegistrationBean ==== Mapping filter: 'httpPutFormContentFilter' to: [/*]
2020-01-13 === [localhost-startStop-1] === INFO  === org.springframework.boot.web.servlet.FilterRegistrationBean ==== Mapping filter: 'requestContextFilter' to: [/*]
2020-01-13 === [main] === INFO  === org.springframework.web.servlet.mvc.method.annotation.RequestMappingHandlerAdapter ==== Looking for @ControllerAdvice: org.springframework.boot.context.embedded.AnnotationConfigEmbeddedWebApplicationContext@408d971b: startup date [Mon Jan 13 18:26:58 CST 2020]; root of context hierarchy
2020-01-13 === [main] === INFO  === org.springframework.web.servlet.mvc.method.annotation.RequestMappingHandlerMapping ==== Mapped "{[/error]}" onto public org.springframework.http.ResponseEntity<java.util.Map<java.lang.String, java.lang.Object>> org.springframework.boot.autoconfigure.web.BasicErrorController.error(javax.servlet.http.HttpServletRequest)
2020-01-13 === [main] === INFO  === org.springframework.web.servlet.mvc.method.annotation.RequestMappingHandlerMapping ==== Mapped "{[/error],produces=[text/html]}" onto public org.springframework.web.servlet.ModelAndView org.springframework.boot.autoconfigure.web.BasicErrorController.errorHtml(javax.servlet.http.HttpServletRequest,javax.servlet.http.HttpServletResponse)
2020-01-13 === [main] === INFO  === org.springframework.web.servlet.handler.SimpleUrlHandlerMapping ==== Mapped URL path [/webjars/**] onto handler of type [class org.springframework.web.servlet.resource.ResourceHttpRequestHandler]
2020-01-13 === [main] === INFO  === org.springframework.web.servlet.handler.SimpleUrlHandlerMapping ==== Mapped URL path [/**] onto handler of type [class org.springframework.web.servlet.resource.ResourceHttpRequestHandler]
2020-01-13 === [main] === INFO  === org.springframework.web.servlet.handler.SimpleUrlHandlerMapping ==== Mapped URL path [/**/favicon.ico] onto handler of type [class org.springframework.web.servlet.resource.ResourceHttpRequestHandler]
2020-01-13 === [main] === INFO  === org.springframework.jmx.export.annotation.AnnotationMBeanExporter ==== Registering beans for JMX exposure on startup
2020-01-13 === [main] === INFO  === org.springframework.boot.context.embedded.tomcat.TomcatEmbeddedServletContainer ==== Tomcat started on port(s): 8080 (http)
2020-01-13 === [main] === INFO  === com.atguigu.springboot.SpringBoot03LoggingApplication ==== Started SpringBoot03LoggingApplication in 1.923 seconds (JVM running for 2.589)
2020-01-13 === [main] === INFO  === com.atguigu.springboot.SpringBoot03LoggingApplicationTests ==== Starting SpringBoot03LoggingApplicationTests on LAPTOP-9I3QKLAQ with PID 12360 (started by PC in E:\Spring\资料\雷丰阳--springboot教程配套资料\核心技术篇---代码\代码\spring-boot-03-logging)
2020-01-13 === [main] === DEBUG === com.atguigu.springboot.SpringBoot03LoggingApplicationTests ==== Running with Spring Boot v1.5.10.RELEASE, Spring v4.3.14.RELEASE
2020-01-13 === [main] === INFO  === com.atguigu.springboot.SpringBoot03LoggingApplicationTests ==== No active profile set, falling back to default profiles: default
2020-01-13 === [main] === INFO  === org.springframework.web.context.support.GenericWebApplicationContext ==== Refreshing org.springframework.web.context.support.GenericWebApplicationContext@66982506: startup date [Mon Jan 13 20:35:33 CST 2020]; root of context hierarchy
2020-01-13 === [main] === INFO  === org.springframework.web.servlet.mvc.method.annotation.RequestMappingHandlerAdapter ==== Looking for @ControllerAdvice: org.springframework.web.context.support.GenericWebApplicationContext@66982506: startup date [Mon Jan 13 20:35:33 CST 2020]; root of context hierarchy
2020-01-13 === [main] === INFO  === org.springframework.web.servlet.mvc.method.annotation.RequestMappingHandlerMapping ==== Mapped "{[/error]}" onto public org.springframework.http.ResponseEntity<java.util.Map<java.lang.String, java.lang.Object>> org.springframework.boot.autoconfigure.web.BasicErrorController.error(javax.servlet.http.HttpServletRequest)
2020-01-13 === [main] === INFO  === org.springframework.web.servlet.mvc.method.annotation.RequestMappingHandlerMapping ==== Mapped "{[/error],produces=[text/html]}" onto public org.springframework.web.servlet.ModelAndView org.springframework.boot.autoconfigure.web.BasicErrorController.errorHtml(javax.servlet.http.HttpServletRequest,javax.servlet.http.HttpServletResponse)
2020-01-13 === [main] === INFO  === org.springframework.web.servlet.handler.SimpleUrlHandlerMapping ==== Mapped URL path [/webjars/**] onto handler of type [class org.springframework.web.servlet.resource.ResourceHttpRequestHandler]
2020-01-13 === [main] === INFO  === org.springframework.web.servlet.handler.SimpleUrlHandlerMapping ==== Mapped URL path [/**] onto handler of type [class org.springframework.web.servlet.resource.ResourceHttpRequestHandler]
2020-01-13 === [main] === INFO  === org.springframework.web.servlet.handler.SimpleUrlHandlerMapping ==== Mapped URL path [/**/favicon.ico] onto handler of type [class org.springframework.web.servlet.resource.ResourceHttpRequestHandler]
2020-01-13 === [main] === INFO  === com.atguigu.springboot.SpringBoot03LoggingApplicationTests ==== Started SpringBoot03LoggingApplicationTests in 2.506 seconds (JVM running for 3.77)
2020-01-13 === [main] === TRACE === com.atguigu.springboot.SpringBoot03LoggingApplicationTests ==== 这是trace日志...
2020-01-13 === [main] === DEBUG === com.atguigu.springboot.SpringBoot03LoggingApplicationTests ==== 这是debug日志...
2020-01-13 === [main] === INFO  === com.atguigu.springboot.SpringBoot03LoggingApplicationTests ==== 这是info日志...
2020-01-13 === [main] === WARN  === com.atguigu.springboot.SpringBoot03LoggingApplicationTests ==== 这是warn日志...
2020-01-13 === [main] === ERROR === com.atguigu.springboot.SpringBoot03LoggingApplicationTests ==== 这是error日志...
2020-01-13 === [Thread-2] === INFO  === org.springframework.web.context.support.GenericWebApplicationContext ==== Closing org.springframework.web.context.support.GenericWebApplicationContext@66982506: startup date [Mon Jan 13 20:35:33 CST 2020]; root of context hierarchy
